This is pdfTeX, Version 3.14159265-2.6-1.40.20 (TeX Live 2019/Debian) (preloaded format=pdflatex 2022.2.9)  6 MAY 2022 00:30
entering extended mode
 restricted \write18 enabled.
 %&-line parsing enabled.
**536HW3.tex
(./536HW3.tex
LaTeX2e <2020-02-02> patch level 2
L3 programming layer <2020-02-14>
(/usr/share/texlive/texmf-dist/tex/latex/base/article.cls
Document Class: article 2019/12/20 v1.4l Standard LaTeX document class
(/usr/share/texlive/texmf-dist/tex/latex/base/size10.clo
File: size10.clo 2019/12/20 v1.4l Standard LaTeX file (size option)
)
\c@part=\count167
\c@section=\count168
\c@subsection=\count169
\c@subsubsection=\count170
\c@paragraph=\count171
\c@subparagraph=\count172
\c@figure=\count173
\c@table=\count174
\abovecaptionskip=\skip47
\belowcaptionskip=\skip48
\bibindent=\dimen134
)
(/usr/share/texlive/texmf-dist/tex/latex/base/inputenc.sty
Package: inputenc 2018/08/11 v1.3c Input encoding file
\inpenc@prehook=\toks14
\inpenc@posthook=\toks15
)
(/usr/share/texlive/texmf-dist/tex/latex/listings/listings.sty
(/usr/share/texlive/texmf-dist/tex/latex/graphics/keyval.sty
Package: keyval 2014/10/28 v1.15 key=value parser (DPC)
\KV@toks@=\toks16
)
\lst@mode=\count175
\lst@gtempboxa=\box45
\lst@token=\toks17
\lst@length=\count176
\lst@currlwidth=\dimen135
\lst@column=\count177
\lst@pos=\count178
\lst@lostspace=\dimen136
\lst@width=\dimen137
\lst@newlines=\count179
\lst@lineno=\count180
\lst@maxwidth=\dimen138

(/usr/share/texlive/texmf-dist/tex/latex/listings/lstmisc.sty
File: lstmisc.sty 2019/09/10 1.8c (Carsten Heinz)
\c@lstnumber=\count181
\lst@skipnumbers=\count182
\lst@framebox=\box46
)
(/usr/share/texlive/texmf-dist/tex/latex/listings/listings.cfg
File: listings.cfg 2019/09/10 1.8c listings configuration
))
Package: listings 2019/09/10 1.8c (Carsten Heinz)

(/usr/share/texlive/texmf-dist/tex/latex/beamer/multimedia.sty
Package: multimedia 2012/05/02 ver 0.02

(/usr/share/texlive/texmf-dist/tex/generic/iftex/ifpdf.sty
Package: ifpdf 2019/10/25 v3.4 ifpdf legacy package. Use iftex instead.

(/usr/share/texlive/texmf-dist/tex/generic/iftex/iftex.sty
Package: iftex 2019/11/07 v1.0c TeX engine tests
))
\mm@movie=\count183
)
(/usr/share/texlive/texmf-dist/tex/latex/graphics/graphicx.sty
Package: graphicx 2019/11/30 v1.2a Enhanced LaTeX Graphics (DPC,SPQR)

(/usr/share/texlive/texmf-dist/tex/latex/graphics/graphics.sty
Package: graphics 2019/11/30 v1.4a Standard LaTeX Graphics (DPC,SPQR)

(/usr/share/texlive/texmf-dist/tex/latex/graphics/trig.sty
Package: trig 2016/01/03 v1.10 sin cos tan (DPC)
)
(/usr/share/texlive/texmf-dist/tex/latex/graphics-cfg/graphics.cfg
File: graphics.cfg 2016/06/04 v1.11 sample graphics configuration
)
Package graphics Info: Driver file: pdftex.def on input line 105.

(/usr/share/texlive/texmf-dist/tex/latex/graphics-def/pdftex.def
File: pdftex.def 2018/01/08 v1.0l Graphics/color driver for pdftex
))
\Gin@req@height=\dimen139
\Gin@req@width=\dimen140
)
(/usr/share/texlive/texmf-dist/tex/latex/comment/comment.sty
\CommentStream=\write3

Excluding comment 'comment')
(/usr/share/texlive/texmf-dist/tex/generic/babel/babel.sty
Package: babel 2020/02/14 3.40 The Babel package

(/usr/share/texlive/texmf-dist/tex/generic/babel/switch.def
File: switch.def 2020/02/14 3.40 Babel switching mechanism
)
(/usr/share/texlive/texmf-dist/tex/generic/babel-english/english.ldf
Language: english 2017/06/06 v3.3r English support from the babel system

(/usr/share/texlive/texmf-dist/tex/generic/babel/babel.def
File: babel.def 2020/02/14 3.40 Babel common definitions
\babel@savecnt=\count184
\U@D=\dimen141

(/usr/share/texlive/texmf-dist/tex/generic/babel/txtbabel.def)
\bbl@readstream=\read2
\bbl@dirlevel=\count185
)
Package babel Info: \l@british = using hyphenrules for english
(babel)             (\language0) on input line 82.
Package babel Info: \l@UKenglish = using hyphenrules for english
(babel)             (\language0) on input line 83.
Package babel Info: \l@canadian = using hyphenrules for english
(babel)             (\language0) on input line 102.
Package babel Info: \l@australian = using hyphenrules for english
(babel)             (\language0) on input line 105.
Package babel Info: \l@newzealand = using hyphenrules for english
(babel)             (\language0) on input line 108.
))
(/usr/share/texlive/texmf-dist/tex/latex/amsmath/amsmath.sty
Package: amsmath 2020/01/20 v2.17e AMS math features
\@mathmargin=\skip49

For additional information on amsmath, use the `?' option.
(/usr/share/texlive/texmf-dist/tex/latex/amsmath/amstext.sty
Package: amstext 2000/06/29 v2.01 AMS text

(/usr/share/texlive/texmf-dist/tex/latex/amsmath/amsgen.sty
File: amsgen.sty 1999/11/30 v2.0 generic functions
\@emptytoks=\toks18
\ex@=\dimen142
))
(/usr/share/texlive/texmf-dist/tex/latex/amsmath/amsbsy.sty
Package: amsbsy 1999/11/29 v1.2d Bold Symbols
\pmbraise@=\dimen143
)
(/usr/share/texlive/texmf-dist/tex/latex/amsmath/amsopn.sty
Package: amsopn 2016/03/08 v2.02 operator names
)
\inf@bad=\count186
LaTeX Info: Redefining \frac on input line 227.
\uproot@=\count187
\leftroot@=\count188
LaTeX Info: Redefining \overline on input line 389.
\classnum@=\count189
\DOTSCASE@=\count190
LaTeX Info: Redefining \ldots on input line 486.
LaTeX Info: Redefining \dots on input line 489.
LaTeX Info: Redefining \cdots on input line 610.
\Mathstrutbox@=\box47
\strutbox@=\box48
\big@size=\dimen144
LaTeX Font Info:    Redeclaring font encoding OML on input line 733.
LaTeX Font Info:    Redeclaring font encoding OMS on input line 734.
\macc@depth=\count191
\c@MaxMatrixCols=\count192
\dotsspace@=\muskip16
\c@parentequation=\count193
\dspbrk@lvl=\count194
\tag@help=\toks19
\row@=\count195
\column@=\count196
\maxfields@=\count197
\andhelp@=\toks20
\eqnshift@=\dimen145
\alignsep@=\dimen146
\tagshift@=\dimen147
\tagwidth@=\dimen148
\totwidth@=\dimen149
\lineht@=\dimen150
\@envbody=\toks21
\multlinegap=\skip50
\multlinetaggap=\skip51
\mathdisplay@stack=\toks22
LaTeX Info: Redefining \[ on input line 2859.
LaTeX Info: Redefining \] on input line 2860.
)
(/usr/share/texlive/texmf-dist/tex/latex/amsfonts/amsfonts.sty
Package: amsfonts 2013/01/14 v3.01 Basic AMSFonts support
\symAMSa=\mathgroup4
\symAMSb=\mathgroup5
LaTeX Font Info:    Redeclaring math symbol \hbar on input line 98.
LaTeX Font Info:    Overwriting math alphabet `\mathfrak' in version `bold'
(Font)                  U/euf/m/n --> U/euf/b/n on input line 106.
)
(/usr/share/texlive/texmf-dist/tex/latex/wrapfig/wrapfig.sty
\wrapoverhang=\dimen151
\WF@size=\dimen152
\c@WF@wrappedlines=\count198
\WF@box=\box49
\WF@everypar=\toks23
Package: wrapfig 2003/01/31  v 3.6
)
(/usr/share/texlive/texmf-dist/tex/latex/multirow/multirow.sty
Package: multirow 2019/05/31 v2.5 Span multiple rows of a table
\multirow@colwidth=\skip52
\multirow@cntb=\count199
\multirow@dima=\skip53
\bigstrutjot=\dimen153
)
(/usr/share/texlive/texmf-dist/tex/latex/tools/verbatim.sty
Package: verbatim 2019/11/10 v1.5r LaTeX2e package for verbatim enhancements
\every@verbatim=\toks24
\verbatim@line=\toks25
\verbatim@in@stream=\read3
)
(/usr/share/texlive/texmf-dist/tex/latex/float/float.sty
Package: float 2001/11/08 v1.3d Float enhancements (AL)
\c@float@type=\count266
\float@exts=\toks26
\float@box=\box50
\@float@everytoks=\toks27
\@floatcapt=\box51
)
(/usr/share/texlive/texmf-dist/tex/latex/cancel/cancel.sty
Package: cancel 2013/04/12 v2.2 Cancel math terms
)
(/usr/share/texlive/texmf-dist/tex/latex/caption/caption.sty
Package: caption 2020/01/03 v3.4h Customizing captions (AR)

(/usr/share/texlive/texmf-dist/tex/latex/caption/caption3.sty
Package: caption3 2020/01/03 v1.8h caption3 kernel (AR)
Package caption3 Info: TeX engine: e-TeX on input line 61.
\captionmargin=\dimen154
\captionmargin@=\dimen155
\captionwidth=\dimen156
\caption@tempdima=\dimen157
\caption@indent=\dimen158
\caption@parindent=\dimen159
\caption@hangindent=\dimen160
Package caption Info: Standard document class detected.
)
\c@caption@flags=\count267
\c@continuedfloat=\count268
Package caption Info: float package is loaded.
Package caption Info: listings package is loaded.
Package caption Info: wrapfig package is loaded.
)
(/usr/share/texlive/texmf-dist/tex/latex/caption/subcaption.sty
Package: subcaption 2020/01/22 v1.3d Sub-captions (AR)
\c@subfigure=\count269
\c@subtable=\count270
)
(/home/cade/Homework/latex-defs.sty

LaTeX Warning: You have requested package `/home/cade/Homework/latex-defs',
               but the package provides `latex-defs'.

Package: latex-defs 
\c@theorem=\count271
) (/home/cade/Homework/jlcode.sty
-- Package: `jlcode' 6.0 <2020/09/14> --

LaTeX Warning: You have requested package `/home/cade/Homework/jlcode',
               but the package provides `jlcode'.

Package: jlcode 2020/09/14 6.0
(/usr/share/texlive/texmf-dist/tex/latex/xcolor/xcolor.sty
Package: xcolor 2016/05/11 v2.12 LaTeX color extensions (UK)

(/usr/share/texlive/texmf-dist/tex/latex/graphics-cfg/color.cfg
File: color.cfg 2016/01/02 v1.6 sample color configuration
)
Package xcolor Info: Driver file: pdftex.def on input line 225.
Package xcolor Info: Model `cmy' substituted by `cmy0' on input line 1348.
Package xcolor Info: Model `hsb' substituted by `rgb' on input line 1352.
Package xcolor Info: Model `RGB' extended on input line 1364.
Package xcolor Info: Model `HTML' substituted by `rgb' on input line 1366.
Package xcolor Info: Model `Hsb' substituted by `hsb' on input line 1367.
Package xcolor Info: Model `tHsb' substituted by `hsb' on input line 1368.
Package xcolor Info: Model `HSB' substituted by `hsb' on input line 1369.
Package xcolor Info: Model `Gray' substituted by `gray' on input line 1370.
Package xcolor Info: Model `wave' substituted by `hsb' on input line 1371.
)
(/usr/share/texlive/texmf-dist/tex/latex/base/textcomp.sty
Package: textcomp 2020/02/02 v2.0n Standard LaTeX package
)
(/usr/share/texlive/texmf-dist/tex/latex/amsfonts/amssymb.sty
Package: amssymb 2013/01/14 v3.01 AMS font symbols
)
(/usr/share/texlive/texmf-dist/tex/latex/eurosym/eurosym.sty
Package: eurosym 1998/08/06 v1.1 European currency symbol ``Euro''
\@eurobox=\box52
)
(/usr/share/texlive/texmf-dist/tex/latex/pmboxdraw/pmboxdraw.sty
Package: pmboxdraw 2019/12/05 v1.4 Poor man's box drawing characters (HO)

(/usr/share/texlive/texmf-dist/tex/generic/ltxcmds/ltxcmds.sty
Package: ltxcmds 2019/12/15 v1.24 LaTeX kernel commands for general use (HO)
)
(/usr/share/texlive/texmf-dist/tex/generic/kvsetkeys/kvsetkeys.sty
Package: kvsetkeys 2019/12/15 v1.18 Key value parser (HO)
)
(/usr/share/texlive/texmf-dist/tex/generic/kvdefinekeys/kvdefinekeys.sty
Package: kvdefinekeys 2019-12-19 v1.6 Define keys (HO)
)
(/usr/share/texlive/texmf-dist/tex/generic/infwarerr/infwarerr.sty
Package: infwarerr 2019/12/03 v1.5 Providing info/warning/error messages (HO)
)
Now handling font encoding pmboxdraw ...
... processing UTF-8 mapping file for font encoding pmboxdraw

(/usr/share/texlive/texmf-dist/tex/latex/pmboxdraw/pmboxdrawenc.dfu
File: pmboxdrawenc.dfu 2019/12/05 v1.4 UTF-8 support for box drawing characters

   defining Unicode char U+2500 (decimal 9472)
   defining Unicode char U+2501 (decimal 9473)
   defining Unicode char U+2502 (decimal 9474)
   defining Unicode char U+2503 (decimal 9475)
   defining Unicode char U+250C (decimal 9484)
   defining Unicode char U+250D (decimal 9485)
   defining Unicode char U+250E (decimal 9486)
   defining Unicode char U+250F (decimal 9487)
   defining Unicode char U+2510 (decimal 9488)
   defining Unicode char U+2511 (decimal 9489)
   defining Unicode char U+2512 (decimal 9490)
   defining Unicode char U+2513 (decimal 9491)
   defining Unicode char U+2514 (decimal 9492)
   defining Unicode char U+2515 (decimal 9493)
   defining Unicode char U+2516 (decimal 9494)
   defining Unicode char U+2517 (decimal 9495)
   defining Unicode char U+2518 (decimal 9496)
   defining Unicode char U+2519 (decimal 9497)
   defining Unicode char U+251A (decimal 9498)
   defining Unicode char U+251B (decimal 9499)
   defining Unicode char U+251C (decimal 9500)
   defining Unicode char U+251D (decimal 9501)
   defining Unicode char U+251E (decimal 9502)
   defining Unicode char U+251F (decimal 9503)
   defining Unicode char U+2520 (decimal 9504)
   defining Unicode char U+2521 (decimal 9505)
   defining Unicode char U+2522 (decimal 9506)
   defining Unicode char U+2523 (decimal 9507)
   defining Unicode char U+2524 (decimal 9508)
   defining Unicode char U+252C (decimal 9516)
   defining Unicode char U+252D (decimal 9517)
   defining Unicode char U+252E (decimal 9518)
   defining Unicode char U+252F (decimal 9519)
   defining Unicode char U+2530 (decimal 9520)
   defining Unicode char U+2531 (decimal 9521)
   defining Unicode char U+2532 (decimal 9522)
   defining Unicode char U+2533 (decimal 9523)
   defining Unicode char U+2534 (decimal 9524)
   defining Unicode char U+2535 (decimal 9525)
   defining Unicode char U+2536 (decimal 9526)
   defining Unicode char U+2537 (decimal 9527)
   defining Unicode char U+2538 (decimal 9528)
   defining Unicode char U+2539 (decimal 9529)
   defining Unicode char U+253A (decimal 9530)
   defining Unicode char U+253B (decimal 9531)
   defining Unicode char U+253C (decimal 9532)
   defining Unicode char U+253D (decimal 9533)
   defining Unicode char U+253E (decimal 9534)
   defining Unicode char U+253F (decimal 9535)
   defining Unicode char U+2540 (decimal 9536)
   defining Unicode char U+2541 (decimal 9537)
   defining Unicode char U+2542 (decimal 9538)
   defining Unicode char U+2543 (decimal 9539)
   defining Unicode char U+2544 (decimal 9540)
   defining Unicode char U+2545 (decimal 9541)
   defining Unicode char U+2546 (decimal 9542)
   defining Unicode char U+2547 (decimal 9543)
   defining Unicode char U+2548 (decimal 9544)
   defining Unicode char U+2549 (decimal 9545)
   defining Unicode char U+254A (decimal 9546)
   defining Unicode char U+254B (decimal 9547)
   defining Unicode char U+2550 (decimal 9552)
   defining Unicode char U+2551 (decimal 9553)
   defining Unicode char U+2552 (decimal 9554)
   defining Unicode char U+2553 (decimal 9555)
   defining Unicode char U+2554 (decimal 9556)
   defining Unicode char U+2555 (decimal 9557)
   defining Unicode char U+2556 (decimal 9558)
   defining Unicode char U+2557 (decimal 9559)
   defining Unicode char U+2558 (decimal 9560)
   defining Unicode char U+2559 (decimal 9561)
   defining Unicode char U+255A (decimal 9562)
   defining Unicode char U+255B (decimal 9563)
   defining Unicode char U+255C (decimal 9564)
   defining Unicode char U+255D (decimal 9565)
   defining Unicode char U+255E (decimal 9566)
   defining Unicode char U+255F (decimal 9567)
   defining Unicode char U+2560 (decimal 9568)
   defining Unicode char U+2561 (decimal 9569)
   defining Unicode char U+2562 (decimal 9570)
   defining Unicode char U+2563 (decimal 9571)
   defining Unicode char U+2564 (decimal 9572)
   defining Unicode char U+2565 (decimal 9573)
   defining Unicode char U+2566 (decimal 9574)
   defining Unicode char U+2567 (decimal 9575)
   defining Unicode char U+2568 (decimal 9576)
   defining Unicode char U+2569 (decimal 9577)
   defining Unicode char U+256A (decimal 9578)
   defining Unicode char U+256B (decimal 9579)
   defining Unicode char U+256C (decimal 9580)
   defining Unicode char U+2574 (decimal 9588)
   defining Unicode char U+2575 (decimal 9589)
   defining Unicode char U+2576 (decimal 9590)
   defining Unicode char U+2577 (decimal 9591)
   defining Unicode char U+2578 (decimal 9592)
   defining Unicode char U+2579 (decimal 9593)
   defining Unicode char U+257A (decimal 9594)
   defining Unicode char U+257B (decimal 9595)
   defining Unicode char U+257C (decimal 9596)
   defining Unicode char U+257D (decimal 9597)
   defining Unicode char U+257E (decimal 9598)
   defining Unicode char U+257F (decimal 9599)
   defining Unicode char U+2580 (decimal 9600)
   defining Unicode char U+2581 (decimal 9601)
   defining Unicode char U+2582 (decimal 9602)
   defining Unicode char U+2583 (decimal 9603)
   defining Unicode char U+2584 (decimal 9604)
   defining Unicode char U+2585 (decimal 9605)
   defining Unicode char U+2586 (decimal 9606)
   defining Unicode char U+2587 (decimal 9607)
   defining Unicode char U+2588 (decimal 9608)
   defining Unicode char U+2589 (decimal 9609)
   defining Unicode char U+258A (decimal 9610)
   defining Unicode char U+258B (decimal 9611)
   defining Unicode char U+258C (decimal 9612)
   defining Unicode char U+258D (decimal 9613)
   defining Unicode char U+258E (decimal 9614)
   defining Unicode char U+258F (decimal 9615)
   defining Unicode char U+2590 (decimal 9616)
   defining Unicode char U+2591 (decimal 9617)
   defining Unicode char U+2592 (decimal 9618)
   defining Unicode char U+2593 (decimal 9619)
   defining Unicode char U+2594 (decimal 9620)
   defining Unicode char U+2595 (decimal 9621)
   defining Unicode char U+2596 (decimal 9622)
   defining Unicode char U+2597 (decimal 9623)
   defining Unicode char U+2598 (decimal 9624)
   defining Unicode char U+2599 (decimal 9625)
   defining Unicode char U+259A (decimal 9626)
   defining Unicode char U+259B (decimal 9627)
   defining Unicode char U+259C (decimal 9628)
   defining Unicode char U+259D (decimal 9629)
   defining Unicode char U+259E (decimal 9630)
   defining Unicode char U+259F (decimal 9631)
)
(/usr/share/texlive/texmf-dist/tex/latex/kvoptions/kvoptions.sty
Package: kvoptions 2019/11/29 v3.13 Key value format for package options (HO)
)
\pmbd@W=\dimen161
\pmbd@H=\dimen162
\pmbd@L=\dimen163
\pmbd@Thin=\dimen164
\pmbd@Thick=\dimen165
\pmbd@Sep=\dimen166
)
(/usr/share/texlive/texmf-dist/tex/latex/base/fontenc.sty
Package: fontenc 2020/02/11 v2.0o Standard LaTeX package
)
(/usr/share/texlive/texmf-dist/tex/latex/tools/calc.sty
Package: calc 2017/05/25 v4.3 Infix arithmetic (KKT,FJ)
\calc@Acount=\count272
\calc@Bcount=\count273
\calc@Adimen=\dimen167
\calc@Bdimen=\dimen168
\calc@Askip=\skip54
\calc@Bskip=\skip55
LaTeX Info: Redefining \setlength on input line 80.
LaTeX Info: Redefining \addtolength on input line 81.
\calc@Ccount=\count274
\calc@Cskip=\skip56
)
(/usr/share/texlive/texmf-dist/tex/latex/relsize/relsize.sty
Package: relsize 2013/03/29 ver 4.1
)
(/usr/share/texlive/texmf-dist/tex/latex/etoolbox/etoolbox.sty
Package: etoolbox 2019/09/21 v2.5h e-TeX tools for LaTeX (JAW)
\etb@tempcnta=\count275
)
\bfem=\skip57
\xmrgn=\skip58
LaTeX Font Info:    Trying to load font information for T1+pcr on input line 54
7.

(/usr/share/texlive/texmf-dist/tex/latex/psnfss/t1pcr.fd
File: t1pcr.fd 2001/06/04 font definitions for T1/pcr.
)
\MDo@unit=\dimen169
\jlinlem=\skip59
)
(/usr/share/texlive/texmf-dist/tex/latex/l3backend/l3backend-pdfmode.def
File: l3backend-pdfmode.def 2020-02-03 L3 backend support: PDF mode
\l__kernel_color_stack_int=\count276
\l__pdf_internal_box=\box53
)
(./536HW3.aux)
\openout1 = `536HW3.aux'.

LaTeX Font Info:    Checking defaults for OML/cmm/m/it on input line 25.
LaTeX Font Info:    ... okay on input line 25.
LaTeX Font Info:    Checking defaults for OMS/cmsy/m/n on input line 25.
LaTeX Font Info:    ... okay on input line 25.
LaTeX Font Info:    Checking defaults for OT1/cmr/m/n on input line 25.
LaTeX Font Info:    ... okay on input line 25.
LaTeX Font Info:    Checking defaults for T1/cmr/m/n on input line 25.
LaTeX Font Info:    ... okay on input line 25.
LaTeX Font Info:    Checking defaults for TS1/cmr/m/n on input line 25.
LaTeX Font Info:    ... okay on input line 25.
LaTeX Font Info:    Checking defaults for OMX/cmex/m/n on input line 25.
LaTeX Font Info:    ... okay on input line 25.
LaTeX Font Info:    Checking defaults for U/cmr/m/n on input line 25.
LaTeX Font Info:    ... okay on input line 25.
LaTeX Font Info:    Checking defaults for pmboxdraw/pmboxdraw/m/n on input line
 25.
LaTeX Font Info:    ... okay on input line 25.
\c@lstlisting=\count277

(/usr/share/texlive/texmf-dist/tex/context/base/mkii/supp-pdf.mkii
[Loading MPS to PDF converter (version 2006.09.02).]
\scratchcounter=\count278
\scratchdimen=\dimen170
\scratchbox=\box54
\nofMPsegments=\count279
\nofMParguments=\count280
\everyMPshowfont=\toks28
\MPscratchCnt=\count281
\MPscratchDim=\dimen171
\MPnumerator=\count282
\makeMPintoPDFobject=\count283
\everyMPtoPDFconversion=\toks29
) (/usr/share/texlive/texmf-dist/tex/latex/epstopdf-pkg/epstopdf-base.sty
Package: epstopdf-base 2020-01-24 v2.11 Base part for package epstopdf
Package epstopdf-base Info: Redefining graphics rule for `.eps' on input line 4
85.

(/usr/share/texlive/texmf-dist/tex/latex/latexconfig/epstopdf-sys.cfg
File: epstopdf-sys.cfg 2010/07/13 v1.3 Configuration of (r)epstopdf for TeX Liv
e
))
Package caption Info: Begin \AtBeginDocument code.
Package caption Info: End \AtBeginDocument code.
LaTeX Font Info:    Trying to load font information for U+msa on input line 27.


(/usr/share/texlive/texmf-dist/tex/latex/amsfonts/umsa.fd
File: umsa.fd 2013/01/14 v3.01 AMS symbols A
)
LaTeX Font Info:    Trying to load font information for U+msb on input line 27.


(/usr/share/texlive/texmf-dist/tex/latex/amsfonts/umsb.fd
File: umsb.fd 2013/01/14 v3.01 AMS symbols B
) [1

{/var/lib/texmf/fonts/map/pdftex/updmap/pdftex.map}] [2] [3]
Overfull \hbox (41.62881pt too wide) detected at line 162
[]
 []

[4]
<sim1.pdf, id=31, 602.25pt x 401.5pt>
File: sim1.pdf Graphic file (type pdf)
<use sim1.pdf>
Package pdftex.def Info: sim1.pdf  used on input line 178.
(pdftex.def)             Requested size: 301.12425pt x 200.7495pt.
<sim2.pdf, id=32, 602.25pt x 401.5pt>
File: sim2.pdf Graphic file (type pdf)
<use sim2.pdf>
Package pdftex.def Info: sim2.pdf  used on input line 179.
(pdftex.def)             Requested size: 301.12425pt x 200.7495pt.
<sim3.pdf, id=33, 602.25pt x 401.5pt>
File: sim3.pdf Graphic file (type pdf)
<use sim3.pdf>
Package pdftex.def Info: sim3.pdf  used on input line 180.
(pdftex.def)             Requested size: 301.12425pt x 200.7495pt.
 [5 <./sim1.pdf>]
<avg.pdf, id=38, 602.25pt x 401.5pt>
File: avg.pdf Graphic file (type pdf)
<use avg.pdf>
Package pdftex.def Info: avg.pdf  used on input line 184.
(pdftex.def)             Requested size: 301.12425pt x 200.7495pt.
 [6 <./sim2.pdf> <./sim3.pdf>] [7 <./avg.pdf>]
<true_avg.pdf, id=49, 602.25pt x 401.5pt>
File: true_avg.pdf Graphic file (type pdf)
<use true_avg.pdf>
Package pdftex.def Info: true_avg.pdf  used on input line 230.
(pdftex.def)             Requested size: 301.12425pt x 200.7495pt.

(./Problem2.jl [8 <./true_avg.pdf>] [9]
Overfull \hbox (58.79996pt too wide) in paragraph at lines 99--101
[][][][][][][][][][][][][][][][][][][][][][][][][][][][][][][][][][][][][][][][
][][][][][][][][][][][][][][][][][][][][][][][][][][][][][][][][][][][][][][][]
[][][][][][][][][][][][][][][][][][][][][][][][][][][][][][][][][][][][][][][][
][][][][][][][][][][][] 
 []

) (/usr/share/texlive/texmf-dist/tex/latex/listings/lstlang1.sty
File: lstlang1.sty 2019/09/10 1.8c listings language file
)
(/usr/share/texlive/texmf-dist/tex/latex/listings/lstlang1.sty
File: lstlang1.sty 2019/09/10 1.8c listings language file
)
(/usr/share/texlive/texmf-dist/tex/latex/listings/lstlang1.sty
File: lstlang1.sty 2019/09/10 1.8c listings language file
)
(/usr/share/texlive/texmf-dist/tex/latex/listings/lstlang1.sty
File: lstlang1.sty 2019/09/10 1.8c listings language file
) [10]
(./536HW3.aux) ) 
Here is how much of TeX's memory you used:
 18875 strings out of 483183
 294825 string characters out of 5966293
 1655617 words of memory out of 5000000
 33727 multiletter control sequences out of 15000+600000
 545628 words of font info for 62 fonts, out of 8000000 for 9000
 14 hyphenation exceptions out of 8191
 45i,12n,66p,845b,9789s stack positions out of 5000i,500n,10000p,200000b,80000s
{/usr/share/texlive/texmf-dist/fonts/enc/dvips/base/8r.enc} </h
ome/cade/.texlive2019/texmf-var/fonts/pk/ljfour/jknappen/ec/ecbx1200.600pk> </h
ome/cade/.texlive2019/texmf-var/fonts/pk/ljfour/jknappen/ec/ecrm1000.600pk> </h
ome/cade/.texlive2019/texmf-var/fonts/pk/ljfour/jknappen/ec/ecbx1440.600pk> </h
ome/cade/.texlive2019/texmf-var/fonts/pk/ljfour/jknappen/ec/ecrm1200.600pk> </h
ome/cade/.texlive2019/texmf-var/fonts/pk/ljfour/jknappen/ec/ecrm1728.600pk></us
r/share/texlive/texmf-dist/fonts/type1/public/amsfonts/cm/cmex10.pfb></usr/shar
e/texlive/texmf-dist/fonts/type1/public/amsfonts/cmextra/cmex7.pfb></usr/share/
texlive/texmf-dist/fonts/type1/public/amsfonts/cm/cmmi10.pfb></usr/share/texliv
e/texmf-dist/fonts/type1/public/amsfonts/cm/cmmi5.pfb></usr/share/texlive/texmf
-dist/fonts/type1/public/amsfonts/cm/cmmi7.pfb></usr/share/texlive/texmf-dist/f
onts/type1/public/amsfonts/cm/cmr10.pfb></usr/share/texlive/texmf-dist/fonts/ty
pe1/public/amsfonts/cm/cmr5.pfb></usr/share/texlive/texmf-dist/fonts/type1/publ
ic/amsfonts/cm/cmr7.pfb></usr/share/texlive/texmf-dist/fonts/type1/public/amsfo
nts/cm/cmsy10.pfb></usr/share/texlive/texmf-dist/fonts/type1/public/amsfonts/cm
/cmsy7.pfb></usr/share/texlive/texmf-dist/fonts/type1/public/amsfonts/latxfont/
lcircle1.pfb></usr/share/texlive/texmf-dist/fonts/type1/urw/courier/ucrb8a.pfb>
</usr/share/texlive/texmf-dist/fonts/type1/urw/courier/ucrr8a.pfb>
Output written on 536HW3.pdf (10 pages, 384808 bytes).
PDF statistics:
 239 PDF objects out of 1000 (max. 8388607)
 89 compressed objects within 1 object stream
 0 named destinations out of 1000 (max. 500000)
 30 words of extra memory for PDF output out of 10000 (max. 10000000)

